0 info it worked if it ends with ok
1 verbose cli [ '/usr/local/bin/node', '/usr/local/bin/npm', 'install' ]
2 info using npm@3.3.12
3 info using node@v5.4.1
4 silly loadCurrentTree Starting
5 silly install loadCurrentTree
6 silly install readLocalPackageData
7 silly install normalizeTree
8 silly loadCurrentTree Finishing
9 silly loadIdealTree Starting
10 silly install loadIdealTree
11 silly cloneCurrentTree Starting
12 silly install cloneCurrentTreeToIdealTree
13 silly cloneCurrentTree Finishing
14 silly loadShrinkwrap Starting
15 silly install loadShrinkwrap
16 silly loadShrinkwrap Finishing
17 silly loadAllDepsIntoIdealTree Starting
18 silly install loadAllDepsIntoIdealTree
19 silly fetchNamedPackageData node-uuid
20 silly mapToRegistry name node-uuid
21 silly mapToRegistry using default registry
22 silly mapToRegistry registry https://registry.npmjs.org/
23 silly mapToRegistry uri https://registry.npmjs.org/node-uuid
24 silly fetchNamedPackageData q
25 silly mapToRegistry name q
26 silly mapToRegistry using default registry
27 silly mapToRegistry registry https://registry.npmjs.org/
28 silly mapToRegistry uri https://registry.npmjs.org/q
29 silly fetchOtherPackageData append-field@file:node_modules/append-field
30 silly cache add args [ 'append-field@file:node_modules/append-field', null ]
31 verbose cache add spec append-field@file:node_modules/append-field
32 silly fetchOtherPackageData base64-url@file:node_modules/base64-url
33 silly cache add args [ 'base64-url@file:node_modules/base64-url', null ]
34 verbose cache add spec base64-url@file:node_modules/base64-url
35 silly fetchOtherPackageData batch@file:node_modules/batch
36 silly cache add args [ 'batch@file:node_modules/batch', null ]
37 verbose cache add spec batch@file:node_modules/batch
38 silly fetchOtherPackageData buffer-crc32@file:node_modules/buffer-crc32
39 silly cache add args [ 'buffer-crc32@file:node_modules/buffer-crc32', null ]
40 verbose cache add spec buffer-crc32@file:node_modules/buffer-crc32
41 silly fetchOtherPackageData busboy@file:node_modules/busboy
42 silly cache add args [ 'busboy@file:node_modules/busboy', null ]
43 verbose cache add spec busboy@file:node_modules/busboy
44 silly fetchOtherPackageData express-session@file:node_modules/express-session
45 silly cache add args [ 'express-session@file:node_modules/express-session', null ]
46 verbose cache add spec express-session@file:node_modules/express-session
47 silly fetchOtherPackageData mime@file:node_modules/mime
48 silly cache add args [ 'mime@file:node_modules/mime', null ]
49 verbose cache add spec mime@file:node_modules/mime
50 silly fetchOtherPackageData mime-db@file:node_modules/mime-db
51 silly cache add args [ 'mime-db@file:node_modules/mime-db', null ]
52 verbose cache add spec mime-db@file:node_modules/mime-db
53 silly fetchOtherPackageData mime-types@file:node_modules/mime-types
54 silly cache add args [ 'mime-types@file:node_modules/mime-types', null ]
55 verbose cache add spec mime-types@file:node_modules/mime-types
56 silly fetchOtherPackageData qs@file:node_modules/qs
57 silly cache add args [ 'qs@file:node_modules/qs', null ]
58 verbose cache add spec qs@file:node_modules/qs
59 silly fetchOtherPackageData range-parser@file:node_modules/range-parser
60 silly cache add args [ 'range-parser@file:node_modules/range-parser', null ]
61 verbose cache add spec range-parser@file:node_modules/range-parser
62 silly cache add parsed spec Result {
62 silly cache add   raw: 'append-field@file:node_modules/append-field',
62 silly cache add   scope: null,
62 silly cache add   name: 'append-field',
62 silly cache add   rawSpec: 'file:node_modules/append-field',
62 silly cache add   spec: '/Users/mingzhexu/Documents/MSCS-NEU/webdev1/WebDevSpring2016/node_modules/append-field',
62 silly cache add   type: 'local' }
63 silly cache add parsed spec Result {
63 silly cache add   raw: 'base64-url@file:node_modules/base64-url',
63 silly cache add   scope: null,
63 silly cache add   name: 'base64-url',
63 silly cache add   rawSpec: 'file:node_modules/base64-url',
63 silly cache add   spec: '/Users/mingzhexu/Documents/MSCS-NEU/webdev1/WebDevSpring2016/node_modules/base64-url',
63 silly cache add   type: 'local' }
64 silly cache add parsed spec Result {
64 silly cache add   raw: 'batch@file:node_modules/batch',
64 silly cache add   scope: null,
64 silly cache add   name: 'batch',
64 silly cache add   rawSpec: 'file:node_modules/batch',
64 silly cache add   spec: '/Users/mingzhexu/Documents/MSCS-NEU/webdev1/WebDevSpring2016/node_modules/batch',
64 silly cache add   type: 'local' }
65 silly cache add parsed spec Result {
65 silly cache add   raw: 'buffer-crc32@file:node_modules/buffer-crc32',
65 silly cache add   scope: null,
65 silly cache add   name: 'buffer-crc32',
65 silly cache add   rawSpec: 'file:node_modules/buffer-crc32',
65 silly cache add   spec: '/Users/mingzhexu/Documents/MSCS-NEU/webdev1/WebDevSpring2016/node_modules/buffer-crc32',
65 silly cache add   type: 'local' }
66 silly cache add parsed spec Result {
66 silly cache add   raw: 'busboy@file:node_modules/busboy',
66 silly cache add   scope: null,
66 silly cache add   name: 'busboy',
66 silly cache add   rawSpec: 'file:node_modules/busboy',
66 silly cache add   spec: '/Users/mingzhexu/Documents/MSCS-NEU/webdev1/WebDevSpring2016/node_modules/busboy',
66 silly cache add   type: 'local' }
67 silly cache add parsed spec Result {
67 silly cache add   raw: 'express-session@file:node_modules/express-session',
67 silly cache add   scope: null,
67 silly cache add   name: 'express-session',
67 silly cache add   rawSpec: 'file:node_modules/express-session',
67 silly cache add   spec: '/Users/mingzhexu/Documents/MSCS-NEU/webdev1/WebDevSpring2016/node_modules/express-session',
67 silly cache add   type: 'local' }
68 silly cache add parsed spec Result {
68 silly cache add   raw: 'mime@file:node_modules/mime',
68 silly cache add   scope: null,
68 silly cache add   name: 'mime',
68 silly cache add   rawSpec: 'file:node_modules/mime',
68 silly cache add   spec: '/Users/mingzhexu/Documents/MSCS-NEU/webdev1/WebDevSpring2016/node_modules/mime',
68 silly cache add   type: 'local' }
69 silly cache add parsed spec Result {
69 silly cache add   raw: 'mime-db@file:node_modules/mime-db',
69 silly cache add   scope: null,
69 silly cache add   name: 'mime-db',
69 silly cache add   rawSpec: 'file:node_modules/mime-db',
69 silly cache add   spec: '/Users/mingzhexu/Documents/MSCS-NEU/webdev1/WebDevSpring2016/node_modules/mime-db',
69 silly cache add   type: 'local' }
70 silly cache add parsed spec Result {
70 silly cache add   raw: 'mime-types@file:node_modules/mime-types',
70 silly cache add   scope: null,
70 silly cache add   name: 'mime-types',
70 silly cache add   rawSpec: 'file:node_modules/mime-types',
70 silly cache add   spec: '/Users/mingzhexu/Documents/MSCS-NEU/webdev1/WebDevSpring2016/node_modules/mime-types',
70 silly cache add   type: 'local' }
71 silly cache add parsed spec Result {
71 silly cache add   raw: 'qs@file:node_modules/qs',
71 silly cache add   scope: null,
71 silly cache add   name: 'qs',
71 silly cache add   rawSpec: 'file:node_modules/qs',
71 silly cache add   spec: '/Users/mingzhexu/Documents/MSCS-NEU/webdev1/WebDevSpring2016/node_modules/qs',
71 silly cache add   type: 'local' }
72 silly cache add parsed spec Result {
72 silly cache add   raw: 'range-parser@file:node_modules/range-parser',
72 silly cache add   scope: null,
72 silly cache add   name: 'range-parser',
72 silly cache add   rawSpec: 'file:node_modules/range-parser',
72 silly cache add   spec: '/Users/mingzhexu/Documents/MSCS-NEU/webdev1/WebDevSpring2016/node_modules/range-parser',
72 silly cache add   type: 'local' }
73 error addLocal Could not install /Users/mingzhexu/Documents/MSCS-NEU/webdev1/WebDevSpring2016/node_modules/append-field
74 silly fetchPackageMetaData Error: ENOENT: no such file or directory, open '/Users/mingzhexu/Documents/MSCS-NEU/webdev1/WebDevSpring2016/node_modules/append-field'
74 silly fetchPackageMetaData     at Error (native)
74 silly fetchPackageMetaData  error for append-field@file:node_modules/append-field { [Error: ENOENT: no such file or directory, open '/Users/mingzhexu/Documents/MSCS-NEU/webdev1/WebDevSpring2016/node_modules/append-field']
74 silly fetchPackageMetaData   errno: -2,
74 silly fetchPackageMetaData   code: 'ENOENT',
74 silly fetchPackageMetaData   syscall: 'open',
74 silly fetchPackageMetaData   path: '/Users/mingzhexu/Documents/MSCS-NEU/webdev1/WebDevSpring2016/node_modules/append-field' }
75 error addLocal Could not install /Users/mingzhexu/Documents/MSCS-NEU/webdev1/WebDevSpring2016/node_modules/base64-url
76 silly fetchPackageMetaData Error: ENOENT: no such file or directory, open '/Users/mingzhexu/Documents/MSCS-NEU/webdev1/WebDevSpring2016/node_modules/base64-url'
76 silly fetchPackageMetaData     at Error (native)
76 silly fetchPackageMetaData  error for base64-url@file:node_modules/base64-url { [Error: ENOENT: no such file or directory, open '/Users/mingzhexu/Documents/MSCS-NEU/webdev1/WebDevSpring2016/node_modules/base64-url']
76 silly fetchPackageMetaData   errno: -2,
76 silly fetchPackageMetaData   code: 'ENOENT',
76 silly fetchPackageMetaData   syscall: 'open',
76 silly fetchPackageMetaData   path: '/Users/mingzhexu/Documents/MSCS-NEU/webdev1/WebDevSpring2016/node_modules/base64-url' }
77 error addLocal Could not install /Users/mingzhexu/Documents/MSCS-NEU/webdev1/WebDevSpring2016/node_modules/batch
78 silly fetchPackageMetaData Error: ENOENT: no such file or directory, open '/Users/mingzhexu/Documents/MSCS-NEU/webdev1/WebDevSpring2016/node_modules/batch'
78 silly fetchPackageMetaData     at Error (native)
78 silly fetchPackageMetaData  error for batch@file:node_modules/batch { [Error: ENOENT: no such file or directory, open '/Users/mingzhexu/Documents/MSCS-NEU/webdev1/WebDevSpring2016/node_modules/batch']
78 silly fetchPackageMetaData   errno: -2,
78 silly fetchPackageMetaData   code: 'ENOENT',
78 silly fetchPackageMetaData   syscall: 'open',
78 silly fetchPackageMetaData   path: '/Users/mingzhexu/Documents/MSCS-NEU/webdev1/WebDevSpring2016/node_modules/batch' }
79 error addLocal Could not install /Users/mingzhexu/Documents/MSCS-NEU/webdev1/WebDevSpring2016/node_modules/buffer-crc32
80 silly fetchPackageMetaData Error: ENOENT: no such file or directory, open '/Users/mingzhexu/Documents/MSCS-NEU/webdev1/WebDevSpring2016/node_modules/buffer-crc32'
80 silly fetchPackageMetaData     at Error (native)
80 silly fetchPackageMetaData  error for buffer-crc32@file:node_modules/buffer-crc32 { [Error: ENOENT: no such file or directory, open '/Users/mingzhexu/Documents/MSCS-NEU/webdev1/WebDevSpring2016/node_modules/buffer-crc32']
80 silly fetchPackageMetaData   errno: -2,
80 silly fetchPackageMetaData   code: 'ENOENT',
80 silly fetchPackageMetaData   syscall: 'open',
80 silly fetchPackageMetaData   path: '/Users/mingzhexu/Documents/MSCS-NEU/webdev1/WebDevSpring2016/node_modules/buffer-crc32' }
81 error addLocal Could not install /Users/mingzhexu/Documents/MSCS-NEU/webdev1/WebDevSpring2016/node_modules/busboy
82 silly fetchPackageMetaData Error: ENOENT: no such file or directory, open '/Users/mingzhexu/Documents/MSCS-NEU/webdev1/WebDevSpring2016/node_modules/busboy'
82 silly fetchPackageMetaData     at Error (native)
82 silly fetchPackageMetaData  error for busboy@file:node_modules/busboy { [Error: ENOENT: no such file or directory, open '/Users/mingzhexu/Documents/MSCS-NEU/webdev1/WebDevSpring2016/node_modules/busboy']
82 silly fetchPackageMetaData   errno: -2,
82 silly fetchPackageMetaData   code: 'ENOENT',
82 silly fetchPackageMetaData   syscall: 'open',
82 silly fetchPackageMetaData   path: '/Users/mingzhexu/Documents/MSCS-NEU/webdev1/WebDevSpring2016/node_modules/busboy' }
83 error addLocal Could not install /Users/mingzhexu/Documents/MSCS-NEU/webdev1/WebDevSpring2016/node_modules/express-session
84 silly fetchPackageMetaData Error: ENOENT: no such file or directory, open '/Users/mingzhexu/Documents/MSCS-NEU/webdev1/WebDevSpring2016/node_modules/express-session'
84 silly fetchPackageMetaData     at Error (native)
84 silly fetchPackageMetaData  error for express-session@file:node_modules/express-session { [Error: ENOENT: no such file or directory, open '/Users/mingzhexu/Documents/MSCS-NEU/webdev1/WebDevSpring2016/node_modules/express-session']
84 silly fetchPackageMetaData   errno: -2,
84 silly fetchPackageMetaData   code: 'ENOENT',
84 silly fetchPackageMetaData   syscall: 'open',
84 silly fetchPackageMetaData   path: '/Users/mingzhexu/Documents/MSCS-NEU/webdev1/WebDevSpring2016/node_modules/express-session' }
85 error addLocal Could not install /Users/mingzhexu/Documents/MSCS-NEU/webdev1/WebDevSpring2016/node_modules/mime
86 silly fetchPackageMetaData Error: ENOENT: no such file or directory, open '/Users/mingzhexu/Documents/MSCS-NEU/webdev1/WebDevSpring2016/node_modules/mime'
86 silly fetchPackageMetaData     at Error (native)
86 silly fetchPackageMetaData  error for mime@file:node_modules/mime { [Error: ENOENT: no such file or directory, open '/Users/mingzhexu/Documents/MSCS-NEU/webdev1/WebDevSpring2016/node_modules/mime']
86 silly fetchPackageMetaData   errno: -2,
86 silly fetchPackageMetaData   code: 'ENOENT',
86 silly fetchPackageMetaData   syscall: 'open',
86 silly fetchPackageMetaData   path: '/Users/mingzhexu/Documents/MSCS-NEU/webdev1/WebDevSpring2016/node_modules/mime' }
87 error addLocal Could not install /Users/mingzhexu/Documents/MSCS-NEU/webdev1/WebDevSpring2016/node_modules/mime-db
88 silly fetchPackageMetaData Error: ENOENT: no such file or directory, open '/Users/mingzhexu/Documents/MSCS-NEU/webdev1/WebDevSpring2016/node_modules/mime-db'
88 silly fetchPackageMetaData     at Error (native)
88 silly fetchPackageMetaData  error for mime-db@file:node_modules/mime-db { [Error: ENOENT: no such file or directory, open '/Users/mingzhexu/Documents/MSCS-NEU/webdev1/WebDevSpring2016/node_modules/mime-db']
88 silly fetchPackageMetaData   errno: -2,
88 silly fetchPackageMetaData   code: 'ENOENT',
88 silly fetchPackageMetaData   syscall: 'open',
88 silly fetchPackageMetaData   path: '/Users/mingzhexu/Documents/MSCS-NEU/webdev1/WebDevSpring2016/node_modules/mime-db' }
89 error addLocal Could not install /Users/mingzhexu/Documents/MSCS-NEU/webdev1/WebDevSpring2016/node_modules/mime-types
90 silly fetchPackageMetaData Error: ENOENT: no such file or directory, open '/Users/mingzhexu/Documents/MSCS-NEU/webdev1/WebDevSpring2016/node_modules/mime-types'
90 silly fetchPackageMetaData     at Error (native)
90 silly fetchPackageMetaData  error for mime-types@file:node_modules/mime-types { [Error: ENOENT: no such file or directory, open '/Users/mingzhexu/Documents/MSCS-NEU/webdev1/WebDevSpring2016/node_modules/mime-types']
90 silly fetchPackageMetaData   errno: -2,
90 silly fetchPackageMetaData   code: 'ENOENT',
90 silly fetchPackageMetaData   syscall: 'open',
90 silly fetchPackageMetaData   path: '/Users/mingzhexu/Documents/MSCS-NEU/webdev1/WebDevSpring2016/node_modules/mime-types' }
91 error addLocal Could not install /Users/mingzhexu/Documents/MSCS-NEU/webdev1/WebDevSpring2016/node_modules/qs
92 silly fetchPackageMetaData Error: ENOENT: no such file or directory, open '/Users/mingzhexu/Documents/MSCS-NEU/webdev1/WebDevSpring2016/node_modules/qs'
92 silly fetchPackageMetaData     at Error (native)
92 silly fetchPackageMetaData  error for qs@file:node_modules/qs { [Error: ENOENT: no such file or directory, open '/Users/mingzhexu/Documents/MSCS-NEU/webdev1/WebDevSpring2016/node_modules/qs']
92 silly fetchPackageMetaData   errno: -2,
92 silly fetchPackageMetaData   code: 'ENOENT',
92 silly fetchPackageMetaData   syscall: 'open',
92 silly fetchPackageMetaData   path: '/Users/mingzhexu/Documents/MSCS-NEU/webdev1/WebDevSpring2016/node_modules/qs' }
93 error addLocal Could not install /Users/mingzhexu/Documents/MSCS-NEU/webdev1/WebDevSpring2016/node_modules/range-parser
94 silly fetchPackageMetaData Error: ENOENT: no such file or directory, open '/Users/mingzhexu/Documents/MSCS-NEU/webdev1/WebDevSpring2016/node_modules/range-parser'
94 silly fetchPackageMetaData     at Error (native)
94 silly fetchPackageMetaData  error for range-parser@file:node_modules/range-parser { [Error: ENOENT: no such file or directory, open '/Users/mingzhexu/Documents/MSCS-NEU/webdev1/WebDevSpring2016/node_modules/range-parser']
94 silly fetchPackageMetaData   errno: -2,
94 silly fetchPackageMetaData   code: 'ENOENT',
94 silly fetchPackageMetaData   syscall: 'open',
94 silly fetchPackageMetaData   path: '/Users/mingzhexu/Documents/MSCS-NEU/webdev1/WebDevSpring2016/node_modules/range-parser' }
95 verbose request uri https://registry.npmjs.org/node-uuid
96 verbose request no auth needed
97 info attempt registry request try #1 at 5:22:03 PM
98 verbose request id 441138ad3c4d34ad
99 verbose etag "38XLHFBCA674PN2A0C9JI3XJX"
100 http request GET https://registry.npmjs.org/node-uuid
101 verbose request uri https://registry.npmjs.org/q
102 verbose request no auth needed
103 info attempt registry request try #1 at 5:22:03 PM
104 verbose etag "9623T44ZD8F00ZUF8VZZ0IDCK"
105 http request GET https://registry.npmjs.org/q
106 http 304 https://registry.npmjs.org/q
107 verbose headers { date: 'Tue, 29 Mar 2016 00:22:04 GMT',
107 verbose headers   via: '1.1 varnish',
107 verbose headers   'cache-control': 'max-age=300',
107 verbose headers   etag: '"9623T44ZD8F00ZUF8VZZ0IDCK"',
107 verbose headers   age: '280',
107 verbose headers   connection: 'keep-alive',
107 verbose headers   'x-served-by': 'cache-sjc3120-SJC',
107 verbose headers   'x-cache': 'HIT',
107 verbose headers   'x-cache-hits': '22',
107 verbose headers   'x-timer': 'S1459210924.280128,VS0,VE0',
107 verbose headers   vary: 'Accept' }
108 silly get cb [ 304,
108 silly get   { date: 'Tue, 29 Mar 2016 00:22:04 GMT',
108 silly get     via: '1.1 varnish',
108 silly get     'cache-control': 'max-age=300',
108 silly get     etag: '"9623T44ZD8F00ZUF8VZZ0IDCK"',
108 silly get     age: '280',
108 silly get     connection: 'keep-alive',
108 silly get     'x-served-by': 'cache-sjc3120-SJC',
108 silly get     'x-cache': 'HIT',
108 silly get     'x-cache-hits': '22',
108 silly get     'x-timer': 'S1459210924.280128,VS0,VE0',
108 silly get     vary: 'Accept' } ]
109 verbose etag https://registry.npmjs.org/q from cache
110 verbose get saving q to /Users/mingzhexu/.npm/registry.npmjs.org/q/.cache.json
111 http 304 https://registry.npmjs.org/node-uuid
112 verbose headers { date: 'Tue, 29 Mar 2016 00:22:04 GMT',
112 verbose headers   via: '1.1 varnish',
112 verbose headers   'cache-control': 'max-age=300',
112 verbose headers   etag: '"38XLHFBCA674PN2A0C9JI3XJX"',
112 verbose headers   age: '183',
112 verbose headers   connection: 'keep-alive',
112 verbose headers   'x-served-by': 'cache-sjc3125-SJC',
112 verbose headers   'x-cache': 'HIT',
112 verbose headers   'x-cache-hits': '13',
112 verbose headers   'x-timer': 'S1459210924.281193,VS0,VE0',
112 verbose headers   vary: 'Accept' }
113 silly get cb [ 304,
113 silly get   { date: 'Tue, 29 Mar 2016 00:22:04 GMT',
113 silly get     via: '1.1 varnish',
113 silly get     'cache-control': 'max-age=300',
113 silly get     etag: '"38XLHFBCA674PN2A0C9JI3XJX"',
113 silly get     age: '183',
113 silly get     connection: 'keep-alive',
113 silly get     'x-served-by': 'cache-sjc3125-SJC',
113 silly get     'x-cache': 'HIT',
113 silly get     'x-cache-hits': '13',
113 silly get     'x-timer': 'S1459210924.281193,VS0,VE0',
113 silly get     vary: 'Accept' } ]
114 verbose etag https://registry.npmjs.org/node-uuid from cache
115 verbose get saving node-uuid to /Users/mingzhexu/.npm/registry.npmjs.org/node-uuid/.cache.json
116 silly resolveWithNewModule node-uuid@1.4.7 checking installable status
117 silly cache add args [ 'node-uuid@^1.4.7', null ]
118 verbose cache add spec node-uuid@^1.4.7
119 silly cache add parsed spec Result {
119 silly cache add   raw: 'node-uuid@^1.4.7',
119 silly cache add   scope: null,
119 silly cache add   name: 'node-uuid',
119 silly cache add   rawSpec: '^1.4.7',
119 silly cache add   spec: '>=1.4.7 <2.0.0',
119 silly cache add   type: 'range' }
120 silly addNamed node-uuid@>=1.4.7 <2.0.0
121 verbose addNamed ">=1.4.7 <2.0.0" is a valid semver range for node-uuid
122 silly addNameRange { name: 'node-uuid', range: '>=1.4.7 <2.0.0', hasData: false }
123 silly mapToRegistry name node-uuid
124 silly mapToRegistry using default registry
125 silly mapToRegistry registry https://registry.npmjs.org/
126 silly mapToRegistry uri https://registry.npmjs.org/node-uuid
127 verbose addNameRange registry:https://registry.npmjs.org/node-uuid not in flight; fetching
128 silly resolveWithNewModule q@1.4.1 checking installable status
129 silly cache add args [ 'q@^1.4.1', null ]
130 verbose cache add spec q@^1.4.1
131 silly cache add parsed spec Result {
131 silly cache add   raw: 'q@^1.4.1',
131 silly cache add   scope: null,
131 silly cache add   name: 'q',
131 silly cache add   rawSpec: '^1.4.1',
131 silly cache add   spec: '>=1.4.1 <2.0.0',
131 silly cache add   type: 'range' }
132 silly addNamed q@>=1.4.1 <2.0.0
133 verbose addNamed ">=1.4.1 <2.0.0" is a valid semver range for q
134 silly addNameRange { name: 'q', range: '>=1.4.1 <2.0.0', hasData: false }
135 silly mapToRegistry name q
136 silly mapToRegistry using default registry
137 silly mapToRegistry registry https://registry.npmjs.org/
138 silly mapToRegistry uri https://registry.npmjs.org/q
139 verbose addNameRange registry:https://registry.npmjs.org/q not in flight; fetching
140 verbose get https://registry.npmjs.org/node-uuid not expired, no request
141 silly addNameRange number 2 { name: 'node-uuid', range: '>=1.4.7 <2.0.0', hasData: true }
142 silly addNameRange versions [ 'node-uuid',
142 silly addNameRange   [ '1.2.0',
142 silly addNameRange     '1.3.0',
142 silly addNameRange     '1.3.1',
142 silly addNameRange     '1.3.2',
142 silly addNameRange     '1.1.0',
142 silly addNameRange     '1.0.0',
142 silly addNameRange     '1.3.3',
142 silly addNameRange     '1.4.0',
142 silly addNameRange     '1.4.1',
142 silly addNameRange     '1.4.2',
142 silly addNameRange     '1.4.3',
142 silly addNameRange     '1.4.6',
142 silly addNameRange     '1.4.7' ] ]
143 silly addNamed node-uuid@1.4.7
144 verbose addNamed "1.4.7" is a plain semver version for node-uuid
145 verbose get https://registry.npmjs.org/q not expired, no request
146 silly addNameRange number 2 { name: 'q', range: '>=1.4.1 <2.0.0', hasData: true }
147 silly addNameRange versions [ 'q',
147 silly addNameRange   [ '0.0.0',
147 silly addNameRange     '0.0.1',
147 silly addNameRange     '0.0.2',
147 silly addNameRange     '0.0.3',
147 silly addNameRange     '0.1.0',
147 silly addNameRange     '0.1.1',
147 silly addNameRange     '0.1.2',
147 silly addNameRange     '0.1.3',
147 silly addNameRange     '0.1.4',
147 silly addNameRange     '0.1.5',
147 silly addNameRange     '0.1.6',
147 silly addNameRange     '0.1.7',
147 silly addNameRange     '0.1.8',
147 silly addNameRange     '0.1.9',
147 silly addNameRange     '0.2.0-rc1',
147 silly addNameRange     '0.2.0',
147 silly addNameRange     '0.2.1',
147 silly addNameRange     '0.2.2',
147 silly addNameRange     '0.2.3',
147 silly addNameRange     '0.2.4',
147 silly addNameRange     '0.2.5',
147 silly addNameRange     '0.2.6',
147 silly addNameRange     '0.2.7',
147 silly addNameRange     '0.2.8',
147 silly addNameRange     '0.2.9',
147 silly addNameRange     '0.3.0',
147 silly addNameRange     '0.2.10',
147 silly addNameRange     '0.4.0',
147 silly addNameRange     '0.4.1',
147 silly addNameRange     '0.4.2',
147 silly addNameRange     '0.4.4',
147 silly addNameRange     '0.5.0',
147 silly addNameRange     '0.5.1',
147 silly addNameRange     '0.5.2',
147 silly addNameRange     '0.5.3',
147 silly addNameRange     '0.6.0',
147 silly addNameRange     '0.7.0',
147 silly addNameRange     '0.7.1',
147 silly addNameRange     '0.7.2',
147 silly addNameRange     '0.8.0',
147 silly addNameRange     '0.8.1',
147 silly addNameRange     '0.8.2',
147 silly addNameRange     '0.8.3',
147 silly addNameRange     '0.8.4',
147 silly addNameRange     '0.8.5',
147 silly addNameRange     '0.8.6',
147 silly addNameRange     '0.8.7',
147 silly addNameRange     '0.8.8',
147 silly addNameRange     '0.8.9',
147 silly addNameRange     '0.8.10',
147 silly addNameRange     '0.8.11',
147 silly addNameRange     '0.8.12',
147 silly addNameRange     '0.9.0',
147 silly addNameRange     '0.9.1',
147 silly addNameRange     '0.9.2',
147 silly addNameRange     '0.9.3',
147 silly addNameRange     '0.9.4',
147 silly addNameRange     '0.9.5',
147 silly addNameRange     '0.9.6',
147 silly addNameRange     '0.9.7',
147 silly addNameRange     '1.0.0',
147 silly addNameRange     '1.0.1',
147 silly addNameRange     '2.0.0',
147 silly addNameRange     '2.0.1',
147 silly addNameRange     '2.0.2',
147 silly addNameRange     '1.1.0',
147 silly addNameRange     '1.1.1',
147 silly addNameRange     '1.1.2',
147 silly addNameRange     '2.0.3',
147 silly addNameRange     '1.2.0',
147 silly addNameRange     '1.2.1',
147 silly addNameRange     '1.3.0',
147 silly addNameRange     '1.4.0',
147 silly addNameRange     '1.4.1' ] ]
148 silly addNamed q@1.4.1
149 verbose addNamed "1.4.1" is a plain semver version for q
150 silly cache afterAdd q@1.4.1
151 verbose afterAdd /Users/mingzhexu/.npm/q/1.4.1/package/package.json not in flight; writing
152 silly cache afterAdd node-uuid@1.4.7
153 verbose afterAdd /Users/mingzhexu/.npm/node-uuid/1.4.7/package/package.json not in flight; writing
154 verbose afterAdd /Users/mingzhexu/.npm/node-uuid/1.4.7/package/package.json written
155 verbose afterAdd /Users/mingzhexu/.npm/q/1.4.1/package/package.json written
156 silly rollbackFailedOptional Starting
157 silly rollbackFailedOptional Finishing
158 silly runTopLevelLifecycles Starting
159 silly runTopLevelLifecycles Finishing
160 silly install printInstalled
161 verbose stack Error: ENOENT: no such file or directory, open '/Users/mingzhexu/Documents/MSCS-NEU/webdev1/WebDevSpring2016/node_modules/append-field'
161 verbose stack     at Error (native)
162 verbose cwd /Users/mingzhexu/Documents/MSCS-NEU/webdev1/WebDevSpring2016
163 error Darwin 15.3.0
164 error argv "/usr/local/bin/node" "/usr/local/bin/npm" "install"
165 error node v5.4.1
166 error npm  v3.3.12
167 error path /Users/mingzhexu/Documents/MSCS-NEU/webdev1/WebDevSpring2016/node_modules/append-field
168 error code ENOENT
169 error errno -2
170 error syscall open
171 error enoent ENOENT: no such file or directory, open '/Users/mingzhexu/Documents/MSCS-NEU/webdev1/WebDevSpring2016/node_modules/append-field'
171 error enoent This is most likely not a problem with npm itself
171 error enoent and is related to npm not being able to find a file.
172 verbose exit [ -2, true ]
